c:\users\filip\desktop\multimedia\nauka\qt\sph\sph\x64\debug\glwidget.obj
c:\users\filip\desktop\multimedia\nauka\qt\sph\sph\x64\debug\moc_glwidget.obj
c:\users\filip\desktop\multimedia\nauka\qt\sph\sph\x64\debug\sph.obj
c:\users\filip\desktop\multimedia\nauka\qt\sph\sph\x64\debug\main.obj
c:\users\filip\desktop\multimedia\nauka\qt\sph\sph\x64\debug\qrc_sph.obj
c:\users\filip\desktop\multimedia\nauka\qt\sph\sph\x64\debug\moc_sph.obj
c:\users\filip\desktop\multimedia\nauka\qt\sph\sph\x64\debug\vc141.pdb
c:\users\filip\desktop\multimedia\nauka\qt\sph\x64\debug\sph.exe
c:\users\filip\desktop\multimedia\nauka\qt\sph\x64\debug\sph.ilk
c:\users\filip\desktop\multimedia\nauka\qt\sph\x64\debug\sph.pdb
c:\users\filip\desktop\multimedia\nauka\qt\sph\sph\generatedfiles\debug\moc_sph.cpp
c:\users\filip\desktop\multimedia\nauka\qt\sph\sph\generatedfiles\debug\moc_glwidget.cpp
c:\users\filip\desktop\multimedia\nauka\qt\sph\sph\generatedfiles\qrc_sph.cpp
c:\users\filip\desktop\multimedia\nauka\qt\sph\sph\generatedfiles\ui_sph.h
c:\users\filip\desktop\multimedia\nauka\qt\sph\sph\x64\debug\sph.tlog\cl.command.1.tlog
c:\users\filip\desktop\multimedia\nauka\qt\sph\sph\x64\debug\sph.tlog\cl.read.1.tlog
c:\users\filip\desktop\multimedia\nauka\qt\sph\sph\x64\debug\sph.tlog\cl.write.1.tlog
c:\users\filip\desktop\multimedia\nauka\qt\sph\sph\x64\debug\sph.tlog\link.command.1.tlog
c:\users\filip\desktop\multimedia\nauka\qt\sph\sph\x64\debug\sph.tlog\link.read.1.tlog
c:\users\filip\desktop\multimedia\nauka\qt\sph\sph\x64\debug\sph.tlog\link.write.1.tlog
c:\users\filip\desktop\multimedia\nauka\qt\sph\sph\x64\debug\sph.tlog\sph.write.1u.tlog
